<?xml version="1.0" encoding="UTF-8"?>
<!-- Generated by org.testng.reporters.JUnitXMLReporter -->
<testsuite ignored="0" hostname="LAPTOP-43356UN2" failures="0" tests="4" name="Test" time="1.549" errors="0" timestamp="2022-09-17T13:34:31 IST">
  <testcase classname="Pack1.VerifyRoomPage" name="@BeforeMethod openRoomPage" time="0.002">
    <failure type="java.lang.NullPointerException" message="Cannot invoke &amp;quot;org.openqa.selenium.WebDriver.get(String)&amp;quot; because &amp;quot;this.driver&amp;quot; is null">
      <![CDATA[java.lang.NullPointerException: Cannot invoke "org.openqa.selenium.WebDriver.get(String)" because "this.driver" is null
at Pack1.VerifyRoomPage.openRoomPage(VerifyRoomPage.java:36)
at java.base/java.util.ArrayList.forEach(ArrayList.java:1511)
... Removed 29 stack frames]]>
    </failure>
  </testcase> <!-- @BeforeMethod openRoomPage -->
  <testcase classname="Pack1.VerifyRoomPage" name="@AfterMethod logoutFromApplication" time="-1.663401871762E9">
    <skipped/>
  </testcase> <!-- @AfterMethod logoutFromApplication -->
  <testcase classname="Pack1.VerifyRoomPage" name="@BeforeMethod openRoomPage" time="-1.663401871764E9">
    <skipped/>
  </testcase> <!-- @BeforeMethod openRoomPage -->
  <testcase classname="Pack1.VerifyRoomPage" name="@AfterMethod logoutFromApplication" time="-1.663401871769E9">
    <skipped/>
  </testcase> <!-- @AfterMethod logoutFromApplication -->
  <testcase classname="Pack1.VerifyRoomPage" name="@AfterClass CloseBrowser" time="-1.66340187177E9">
    <skipped/>
  </testcase> <!-- @AfterClass CloseBrowser -->
  <testcase classname="Pack1.TestNG22" name="test1" time="0.019"/>
  <testcase classname="Pack1.TestNG22" name="test2" time="0.003"/>
  <testcase classname="Pack1.VerifyRoomPage" name="VerifyReturnToMessengerButton" time="0.0">
    <skipped/>
  </testcase> <!-- VerifyReturnToMessengerButton -->
  <testcase classname="Pack1.VerifyRoomPage" name="VerifyToReturnToMessengerButton" time="0.0">
    <skipped/>
  </testcase> <!-- VerifyToReturnToMessengerButton -->
</testsuite> <!-- Test -->
