<?xml version="1.0" encoding="UTF-8"?>
<!-- Generated by org.testng.reporters.JUnitXMLReporter -->
<testsuite ignored="0" hostname="LAPTOP-43356UN2" failures="0" tests="8" name="Test" time="0.097" errors="0" timestamp="2022-09-17T16:50:37 IST">
  <testcase classname="Pack1.TestClassA11" name="testA" time="0.011"/>
  <testcase classname="Pack1.TestClassA11" name="testB" time="0.002"/>
  <testcase classname="Pack1.TestClassA11" name="testC" time="0.002"/>
  <testcase classname="Pack1.TestClassA11" name="testD" time="0.002"/>
  <testcase classname="Pack1.TestClassB22" name="test1" time="0.002"/>
  <testcase classname="Pack1.TestClassB22" name="test2" time="0.002"/>
  <testcase classname="Pack1.TestClassB22" name="test3" time="0.001"/>
  <testcase classname="Pack1.TestClassB22" name="test4" time="0.002"/>
</testsuite> <!-- Test -->
